Determining if the off_t exist failed with the following output:
Change Dir: /home/jshreffl/rust-stuff/egui-template-copy/target/release/build/expat-sys-30f4dba66d7b4c79/out/build/CMakeFiles/CMakeTmp

Run Build Command(s):/usr/bin/make cmTC_23cca/fast && /usr/bin/make -f CMakeFiles/cmTC_23cca.dir/build.make CMakeFiles/cmTC_23cca.dir/build
make[1]: Entering directory '/home/jshreffl/rust-stuff/egui-template-copy/target/release/build/expat-sys-30f4dba66d7b4c79/out/build/CMakeFiles/CMakeTmp'
Building C object CMakeFiles/cmTC_23cca.dir/CheckSymbolExists.c.o
/usr/bin/cc   -ffunction-sections -fdata-sections -fPIC -m64    -o CMakeFiles/cmTC_23cca.dir/CheckSymbolExists.c.o   -c /home/jshreffl/rust-stuff/egui-template-copy/target/release/build/expat-sys-30f4dba66d7b4c79/out/build/CMakeFiles/CMakeTmp/CheckSymbolExists.c
/home/jshreffl/rust-stuff/egui-template-copy/target/release/build/expat-sys-30f4dba66d7b4c79/out/build/CMakeFiles/CMakeTmp/CheckSymbolExists.c: In function ‘main’:
/home/jshreffl/rust-stuff/egui-template-copy/target/release/build/expat-sys-30f4dba66d7b4c79/out/build/CMakeFiles/CMakeTmp/CheckSymbolExists.c:8:19: error: expected expression before ‘off_t’
    8 |   return ((int*)(&off_t))[argc];
      |                   ^~~~~
make[1]: *** [CMakeFiles/cmTC_23cca.dir/build.make:66: CMakeFiles/cmTC_23cca.dir/CheckSymbolExists.c.o] Error 1
make[1]: Leaving directory '/home/jshreffl/rust-stuff/egui-template-copy/target/release/build/expat-sys-30f4dba66d7b4c79/out/build/CMakeFiles/CMakeTmp'
make: *** [Makefile:121: cmTC_23cca/fast] Error 2


File /home/jshreffl/rust-stuff/egui-template-copy/target/release/build/expat-sys-30f4dba66d7b4c79/out/build/CMakeFiles/CMakeTmp/CheckSymbolExists.c:
/* */
#include <sys/types.h>

int main(int argc, char** argv)
{
  (void)argv;
#ifndef off_t
  return ((int*)(&off_t))[argc];
#else
  (void)argc;
  return 0;
#endif
}
Determining if the size_t exist failed with the following output:
Change Dir: /home/jshreffl/rust-stuff/egui-template-copy/target/release/build/expat-sys-30f4dba66d7b4c79/out/build/CMakeFiles/CMakeTmp

Run Build Command(s):/usr/bin/make cmTC_3f41c/fast && /usr/bin/make -f CMakeFiles/cmTC_3f41c.dir/build.make CMakeFiles/cmTC_3f41c.dir/build
make[1]: Entering directory '/home/jshreffl/rust-stuff/egui-template-copy/target/release/build/expat-sys-30f4dba66d7b4c79/out/build/CMakeFiles/CMakeTmp'
Building C object CMakeFiles/cmTC_3f41c.dir/CheckSymbolExists.c.o
/usr/bin/cc   -ffunction-sections -fdata-sections -fPIC -m64    -o CMakeFiles/cmTC_3f41c.dir/CheckSymbolExists.c.o   -c /home/jshreffl/rust-stuff/egui-template-copy/target/release/build/expat-sys-30f4dba66d7b4c79/out/build/CMakeFiles/CMakeTmp/CheckSymbolExists.c
/home/jshreffl/rust-stuff/egui-template-copy/target/release/build/expat-sys-30f4dba66d7b4c79/out/build/CMakeFiles/CMakeTmp/CheckSymbolExists.c: In function ‘main’:
/home/jshreffl/rust-stuff/egui-template-copy/target/release/build/expat-sys-30f4dba66d7b4c79/out/build/CMakeFiles/CMakeTmp/CheckSymbolExists.c:8:19: error: expected expression before ‘size_t’
    8 |   return ((int*)(&size_t))[argc];
      |                   ^~~~~~
make[1]: *** [CMakeFiles/cmTC_3f41c.dir/build.make:66: CMakeFiles/cmTC_3f41c.dir/CheckSymbolExists.c.o] Error 1
make[1]: Leaving directory '/home/jshreffl/rust-stuff/egui-template-copy/target/release/build/expat-sys-30f4dba66d7b4c79/out/build/CMakeFiles/CMakeTmp'
make: *** [Makefile:121: cmTC_3f41c/fast] Error 2


File /home/jshreffl/rust-stuff/egui-template-copy/target/release/build/expat-sys-30f4dba66d7b4c79/out/build/CMakeFiles/CMakeTmp/CheckSymbolExists.c:
/* */
#include <sys/types.h>

int main(int argc, char** argv)
{
  (void)argv;
#ifndef size_t
  return ((int*)(&size_t))[argc];
#else
  (void)argc;
  return 0;
#endif
}
